<?xml version="1.0" encoding="UTF-8"?>
<!-- Generated by org.testng.reporters.JUnitXMLReporter -->
<testsuite ignored="0" hostname="BGL140252" failures="0" tests="4" name="Default test" time="1.868" errors="0" timestamp="2023-11-29T16:58:53 IST">
  <testcase classname="ApiTest.PostApiTest" name="PostApi" time="1.659"/>
  <testcase classname="ApiTest.PostApiTest" name="test1" time="0.007"/>
  <testcase classname="ApiTest.PostApiTest" name="test2" time="0.018"/>
  <testcase classname="ApiTest.PostApiTest" name="test3" time="0.049"/>
</testsuite> <!-- Default test -->
