<?xml version="1.0" encoding="UTF-8"?>
<!-- Generated by org.testng.reporters.JUnitXMLReporter -->
<testsuite ignored="3" hostname="BGL140252" failures="0" tests="1" name="Default test" time="1.833" errors="0" timestamp="2023-12-07T11:57:29 IST">
  <testcase classname="ApiTest.PostApiTest" name="PostApi" time="1.7"/>
  <testcase classname="ApiTest.PostApiTest" name="test1" time="0.0">
    <ignored/>
  </testcase> <!-- test1 -->
  <testcase classname="ApiTest.PostApiTest" name="test3" time="0.0">
    <ignored/>
  </testcase> <!-- test3 -->
  <testcase classname="ApiTest.PostApiTest" name="test2" time="0.0">
    <ignored/>
  </testcase> <!-- test2 -->
</testsuite> <!-- Default test -->
