<?xml version="1.0" encoding="UTF-8"?>
<!-- Generated by org.testng.reporters.JUnitXMLReporter -->
<testsuite ignored="0" hostname="BGL140252" failures="0" tests="4" name="Test" time="1.824" errors="0" timestamp="2023-12-07T11:58:18 IST">
  <testcase classname="ApiTest.PostApiTest" name="PostApi" time="1.633"/>
  <testcase classname="ApiTest.PostApiTest" name="test1" time="0.006"/>
  <testcase classname="ApiTest.PostApiTest" name="test2" time="0.012"/>
  <testcase classname="ApiTest.PostApiTest" name="test3" time="0.042"/>
</testsuite> <!-- Test -->
