<?xml version="1.0" encoding="UTF-8"?>
<testng-results ignored="0" total="4" passed="4" failed="0" skipped="0">
  <reporter-output>
  </reporter-output>
  <suite started-at="2023-12-07T11:58:16 IST" name="Suite" finished-at="2023-12-07T11:58:18 IST" duration-ms="1824">
    <groups>
    </groups>
    <test started-at="2023-12-07T11:58:16 IST" name="Test" finished-at="2023-12-07T11:58:18 IST" duration-ms="1824">
      <class name="ApiTest.PostApiTest">
        <test-method signature="PostApi(java.lang.String)[pri:0, instance:ApiTest.PostApiTest@30f842ca]" started-at="2023-12-07T11:58:16 IST" name="PostApi" finished-at="2023-12-07T11:58:18 IST" duration-ms="1633" status="PASS">
          <params>
            <param index="0">
              <value>
                <![CDATA[uat]]>
              </value>
            </param>
          </params>
          <reporter-output>
          </reporter-output>
        </test-method> <!-- PostApi -->
        <test-method signature="test1()[pri:0, instance:ApiTest.PostApiTest@30f842ca]" started-at="2023-12-07T11:58:18 IST" name="test1" finished-at="2023-12-07T11:58:18 IST" duration-ms="6" status="PASS">
          <reporter-output>
          </reporter-output>
        </test-method> <!-- test1 -->
        <test-method signature="test2()[pri:0, instance:ApiTest.PostApiTest@30f842ca]" started-at="2023-12-07T11:58:18 IST" name="test2" finished-at="2023-12-07T11:58:18 IST" duration-ms="12" status="PASS">
          <reporter-output>
          </reporter-output>
        </test-method> <!-- test2 -->
        <test-method signature="test3()[pri:0, instance:ApiTest.PostApiTest@30f842ca]" started-at="2023-12-07T11:58:18 IST" name="test3" finished-at="2023-12-07T11:58:18 IST" duration-ms="42" status="PASS">
          <reporter-output>
          </reporter-output>
        </test-method> <!-- test3 -->
      </class> <!-- ApiTest.PostApiTest -->
    </test> <!-- Test -->
  </suite> <!-- Suite -->
</testng-results>
